<?xml version="1.0" encoding="UTF-8"?>
<!-- Generated by org.testng.reporters.JUnitReportReporter -->
<testsuite hostname="LAPTOP-BDUVLNVT" failures="0" tests="1" name="testNG_project.Example1" time="0.021" errors="0" timestamp="2023-12-16T20:20:35 IST" skipped="0">
  <testcase classname="testNG_project.Example1" name="function" time="0.021"/>
</testsuite> <!-- testNG_project.Example1 -->
